Arguments: 
  C:\Program Files\nodejs\node.exe C:\Users\admin\AppData\Roaming\npm\node_modules\yarn\bin\yarn.js install

PATH: 
  C:\app\admin\product\11.2.0\dbhome_1\bin;C:\Program Files\Java\jdk-12.0.2\bin;C:\Program Files (x86)\BaseX\bin;C:\Program Files\nodejs\;C:\Program Files\Microsoft SQL Server\Client SDK\ODBC\170\Tools\Binn\;C:\Program Files\Microsoft SQL Server\Client SDK\ODBC\130\Tools\Binn\;C:\Program Files (x86)\Microsoft SQL Server\150\DTS\Binn\;C:\Program Files (x86)\Microsoft SQL Server\150\Tools\Binn\;C:\Program Files\Microsoft SQL Server\150\Tools\Binn\;C:\Program Files\Microsoft SQL Server\150\DTS\Binn\;C:\Program Files\Microsoft SQL Server\130\Tools\Binn\;C:\Program Files (x86)\Microsoft SQL Server\110\DTS\Binn\;C:\Program Files (x86)\Microsoft SQL Server\120\DTS\Binn\;C:\Program Files (x86)\Microsoft SQL Server\130\DTS\Binn\;C:\Program Files (x86)\Microsoft SQL Server\140\DTS\Binn\;C:\ProgramData\chocolatey\bin;C:\MinGW\bin;C:\Program Files\MySQL\MySQL Shell 8.0\bin\;C:\Program Files\Java\jdk-12.0.2\bin;C:\Users\admin\AppData\Local\Programs\Microsoft VS Code\bin;C:\Users\admin\AppData\Local\GitHubDesktop\bin;C:\Program Files\JetBrains\IntelliJ IDEA 2019.2.4\bin;;C:\Program Files\JetBrains\WebStorm 2019.2.4\bin;;C:\Users\admin\AppData\Roaming\npm;C:\Program Files\Git\bin;C:\Program Files\Git\cmd;C:\Program Files\JetBrains\CLion 2019.3.3\bin;;C:\Users\admin\AppData\Local\Programs\Python\Python38;C:\Users\admin\AppData\Local\Programs\Python\Python38\Scripts;C:\Program Files\PostgreSQL\12\bin;C:\Program Files\PostgreSQL\12\lib;C:\apache-maven-3.6.3\bin;C:\Program Files\nodejs;C:\Program Files\nodejs\npm;C:\Windows\System32\;

Yarn version: 
  1.21.1

Node version: 
  10.16.0

Platform: 
  win32 x64

Trace: 
  Error: connect EHOSTUNREACH 140.82.118.4:443
      at TCPConnectWrap.afterConnect [as oncomplete] (net.js:1106:14)

npm manifest: 
  {
    "main": "node_modules/expo/AppEntry.js",
    "scripts": {
      "start": "expo start",
      "android": "expo start --android",
      "ios": "expo start --ios",
      "web": "expo start --web",
      "eject": "expo eject"
    },
    "dependencies": {
      "expo": "^35.0.0",
      "react": "16.8.3",
      "react-dom": "16.8.3",
      "react-native": "https://github.com/expo/react-native/archive/sdk-35.0.0.tar.gz",
      "react-native-gesture-handler": "1.3.0",
      "react-native-maps": "^0.25.0",
      "react-native-paper": "^3.0.0",
      "react-native-screens": "^1.0.0-alpha.23",
      "react-native-simple-survey": "^3.1.2",
      "react-native-status-bar-height": "^2.4.0",
      "react-native-web": "^0.11.7",
      "react-navigation": "^4.0.10",
      "react-navigation-stack": "^1.10.2"
    },
    "devDependencies": {
      "@types/react": "^16.8.23",
      "@types/react-native": "^0.57.65",
      "babel-preset-expo": "^7.1.0",
      "prettier": "^1.18.2",
      "typescript": "^3.6.3"
    },
    "private": true
  }

yarn manifest: 
  No manifest

Lockfile: 
  No lockfile
